2025-08-19 14:57:24,456 [INFO] train - Dataset is already Downloaded
2025-08-19 14:57:24,456 [INFO] train - Labels is already Created
2025-08-19 14:57:24,467 [INFO] train - Dataset is already Downloaded
2025-08-19 14:57:24,467 [INFO] train - Labels is already Created
2025-08-19 14:57:24,624 [INFO] train - Tensorboard is initialized run this command in another termenal to see the live graph tensorboard --logdir artifacts\plots\tensorboard
2025-08-19 14:57:48,289 [INFO] train - Epoch 1/20 - Train Loss: 0.9801 - Val Loss: 0.9544
2025-08-19 14:58:06,052 [INFO] train - Epoch 2/20 - Train Loss: 0.7855 - Val Loss: 0.9169
2025-08-19 14:58:31,066 [INFO] train - Epoch 3/20 - Train Loss: 0.7313 - Val Loss: 0.9032
2025-08-19 14:58:49,254 [INFO] train - Epoch 4/20 - Train Loss: 0.6535 - Val Loss: 0.8685
2025-08-19 14:59:07,230 [INFO] train - Epoch 5/20 - Train Loss: 0.6431 - Val Loss: 0.8032
2025-08-19 14:59:29,621 [INFO] train - Epoch 6/20 - Train Loss: 0.4916 - Val Loss: 0.8027
2025-08-19 14:59:53,609 [INFO] train - Epoch 7/20 - Train Loss: 0.4550 - Val Loss: 0.7731
2025-08-19 15:00:17,751 [INFO] train - Epoch 8/20 - Train Loss: 0.5088 - Val Loss: 0.8421
2025-08-19 15:00:39,800 [INFO] train - Epoch 9/20 - Train Loss: 0.3653 - Val Loss: 0.7770
2025-08-19 15:00:57,254 [INFO] train - Epoch 10/20 - Train Loss: 0.3776 - Val Loss: 0.8218
2025-08-19 15:01:19,692 [INFO] train - Epoch 11/20 - Train Loss: 0.3711 - Val Loss: 0.8302
2025-08-19 15:01:45,364 [INFO] train - Epoch 12/20 - Train Loss: 0.3008 - Val Loss: 0.7285
2025-08-19 15:02:03,386 [INFO] train - Epoch 13/20 - Train Loss: 0.3203 - Val Loss: 0.7391
2025-08-19 15:02:20,658 [INFO] train - Epoch 14/20 - Train Loss: 0.2844 - Val Loss: 0.8052
2025-08-19 15:02:38,567 [INFO] train - Epoch 15/20 - Train Loss: 0.3575 - Val Loss: 0.6750
2025-08-19 15:02:56,879 [INFO] train - Epoch 16/20 - Train Loss: 0.2926 - Val Loss: 0.6977
2025-08-19 15:03:14,699 [INFO] train - Epoch 17/20 - Train Loss: 0.3408 - Val Loss: 0.7275
2025-08-19 15:03:33,083 [INFO] train - Epoch 18/20 - Train Loss: 0.2249 - Val Loss: 0.7242
2025-08-19 15:03:53,007 [INFO] train - Epoch 19/20 - Train Loss: 0.2435 - Val Loss: 0.6734
2025-08-19 15:04:11,878 [INFO] train - Epoch 20/20 - Train Loss: 0.2725 - Val Loss: 0.6305
2025-08-19 15:04:11,927 [INFO] train - Model Saved successfully
